build/app/outputs/mapping/release/usage.txt
androidx.loader.content.ModernAsyncTask$AsyncTaskResult
io.flutter.embedding.android.FlutterFragment$ActivityCallThrough
kotlin.collections.RingBuffer
kotlin.jvm.internal.BooleanCompanionObject
io.flutter.embedding.engine.systemchannels.SystemChannel:
    private static final java.lang.String TAG
kotlin.jvm.internal.Ref$ObjectRef
androidx.lifecycle.Lifecycling$1:
    void <init>(androidx.lifecycle.LifecycleEventObserver)
androidx.fragment.app.FragmentViewLifecycleOwner
androidx.fragment.R$color
kotlin.sequences.SequencesKt__SequencesKt$generateSequence$2
androidx.core.content.ContextCompat$MainHandlerExecutor
androidx.fragment.app.FragmentManagerImpl$PopBackStackState
androidx.core.app.JobIntentService
androidx.lifecycle.ViewModelProvider$KeyedFactory
androidx.core.view.accessibility.AccessibilityViewCommand$SetTextArguments
androidx.fragment.app.Fragment$2:
    void <init>(androidx.fragment.app.Fragment)
kotlin.jvm.internal.CallableReference
androidx.fragment.app.FragmentTransaction$Op
kotlin.reflect.KType
androidx.core.view.ViewConfigurationCompat
kotlin.collections.ArraysKt___ArraysKt$asIterable$$inlined$Iterable$2
androidx.core.os.HandlerCompat
kotlin.UIntArrayKt
kotlin.UIntArray
androidx.annotation.DimenRes
androidx.fragment.R$layout
androidx.core.app.NotificationCompat$MessagingStyle
kotlin.coroutines.experimental.migration.ExperimentalContextMigration
kotlin.native.concurrent.SharedImmutable
androidx.loader.R$drawable
org.intellij.lang.annotations.JdkConstants$FlowLayoutAlignment
androidx.loader.R$id
androidx.viewpager.widget.ViewPager$2
kotlin.collections.CollectionsKt__CollectionsKt$binarySearchBy$1
androidx.fragment.R$attr
kotlin.io.FileTreeWalk$WalkState
kotlin.jvm.functions.Function11
io.flutter.view.FlutterView
kotlin.coroutines.experimental.migration.ExperimentalContextMigration$Key
kotlin.text.StringsKt__StringNumberConversionsKt
androidx.customview.widget.ViewDragHelper
androidx.core.view.accessibility.AccessibilityClickableSpanCompat
kotlin.jvm.internal.Intrinsics
io.flutter.embedding.engine.plugins.contentprovider.ContentProviderPluginBinding
kotlin.random.AbstractPlatformRandom
kotlin.coroutines.ContinuationInterceptor$Key
kotlin.contracts.ContractBuilder
androidx.core.provider.FontsContractCompat$2
androidx.fragment.app.Fragment$AnimationInfo
kotlin.text.StringsKt__StringsKt$splitToSequence$2
io.flutter.plugin.common.EventChannel$EventSink
kotlin.jvm.internal.IntCompanionObject
androidx.customview.R$style
io.flutter.embedding.engine.mutatorsstack.FlutterMutatorsStack$FlutterMutator:
    public void <init>(io.flutter.embedding.engine.mutatorsstack.FlutterMutatorsStack,android.graphics.Path)
    public io.flutter.embedding.engine.mutatorsstack.FlutterMutatorsStack$FlutterMutatorType getType()
    public android.graphics.Rect getRect()
    public android.graphics.Path getPath()
    private android.graphics.Path path
io.flutter.embedding.android.FlutterImageView:
    public void <init>(android.content.Context)
    public void <init>(android.content.Context,android.util.AttributeSet)
io.flutter.embedding.engine.plugins.contentprovider.ContentProviderAware:
    public abstract void onAttachedToContentProvider(io.flutter.embedding.engine.plugins.contentprovider.ContentProviderPluginBinding)
androidx.annotation.RequiresPermission$Read
androidx.versionedparcelable.CustomVersionedParcelable:
    public void onPreParceling(boolean)
    public void onPostParceling()
kotlin.collections.AbstractMutableCollection
androidx.activity.OnBackPressedDispatcher$OnBackPressedCancellable
kotlin.text.StringsKt__StringBuilderJVMKt
kotlin.collections.SetsKt___SetsKt
kotlin.time.FormatToDecimalsKt
kotlin.jvm.internal.MagicApiIntrinsics
io.flutter.embedding.android.DrawableSplashScreen$DrawableSplashScreenView:
    public void <init>(android.content.Context,android.util.AttributeSet)
kotlin.collections.AbstractList$SubList
kotlin.SuccessOrFailureKt
kotlin.jvm.JvmStatic